<?xml version="1.0" encoding="UTF-8"?>
<!-- Generated by org.testng.reporters.JUnitXMLReporter -->
<testsuite ignored="0" hostname="DESKTOP-VR2SVRF" failures="1" tests="3" name="LoginTests" time="9.501" errors="0" timestamp="2025-01-24T08:35:37 EET">
  <testcase classname="mainPageGeneralTest" name="t_02_checkPagination" time="0.009"/>
  <testcase classname="mainPageGeneralTest" name="t_01_checkingGeneralInfoTest" time="0.015">
    <failure type="java.lang.AssertionError" message="expected [21] but found [11]">
      <![CDATA[java.lang.AssertionError: expected [21] but found [11]
at mainPageGeneralTest.t_01_checkingGeneralInfoTest(mainPageGeneralTest.java:19)
at java.base/java.util.concurrent.Executors$RunnableAdapter.call(Executors.java:572)
at java.base/java.util.concurrent.FutureTask.run(FutureTask.java:317)
at java.base/java.util.concurrent.ThreadPoolExecutor.runWorker(ThreadPoolExecutor.java:1144)
at java.base/java.util.concurrent.ThreadPoolExecutor$Worker.run(ThreadPoolExecutor.java:642)
at java.base/java.lang.Thread.run(Thread.java:1583)
... Removed 17 stack frames]]>
    </failure>
  </testcase> <!-- t_01_checkingGeneralInfoTest -->
  <testcase classname="mainPageGeneralTest" name="t_03_addAndBuyItem" time="9.438"/>
</testsuite> <!-- LoginTests -->
